00:40:32.8426 => [ERROR] [UiPath.Studio.exe] [1] The settings file 'C:\Users\svc_bot205\AppData\Local\UiPath\UiStudio.v2.settings' could not be loaded due to the following exception: System.Xml.XmlException: Root element is missing.
   at System.Xml.XmlTextReaderImpl.Throw(Exception e)
   at System.Xml.XmlTextReaderImpl.ParseDocumentContent()
   at System.Xml.XmlTextReaderImpl.Read()
   at System.Xml.XmlLoader.Load(XmlDocument doc, XmlReader reader, Boolean preserveWhitespace)
   at System.Xml.XmlDocument.Load(XmlReader reader)
   at System.Xml.XmlDocument.Load(String filename)
   at UiPath.Studio.Core.Services.SettingsService..ctor(String filePath, IFileSystem fileSystem)
00:40:36.1237 => [WARN] [UiPath.Studio.exe] [1] Warn: Retrieving RegistrationState.
00:40:36.1237 => [WARN] [UiPath.Studio.exe] [1] Warn: Current license folder path: C:\ProgramData\UiPath\LicenseInternal
00:40:36.1237 => [WARN] [UiPath.Studio.exe] [1] Warn: Retrieved RegistrationState value NoLicenseAvailable.
00:40:36.1237 => [WARN] [UiPath.Studio.exe] [1] Warn: Handling update online operation.
00:40:36.1237 => [WARN] [UiPath.Studio.exe] [1] Warn: Retrieving LicenseInfo.
00:40:36.1237 => [WARN] [UiPath.Studio.exe] [1] Warn: Current license folder path: C:\ProgramData\UiPath\LicenseInternal
00:40:36.1237 => [WARN] [UiPath.Studio.exe] [1] Warn: Retrieved LicenseInfo value RegistrationState: NoLicenseAvailable, ActivationId: , LicenseCode: [empty], LicenseModel: , Version: , StartDate: 0, EndDate: 0, GracePeriod: 0, Email: , CheckInterval: 0, NextCheckDate: 0, BundleCode: , SubscriptionCode: .
00:40:36.1237 => [WARN] [UiPath.Studio.exe] [1] Warn: Retrieving RegistrationState.
00:40:36.1237 => [WARN] [UiPath.Studio.exe] [1] Warn: Current license folder path: C:\ProgramData\UiPath\LicenseInternal
00:40:36.1237 => [WARN] [UiPath.Studio.exe] [1] Warn: Retrieved RegistrationState value NoLicenseAvailable.
00:40:45.2221 => [ERROR] [UiPath.Studio.exe] [11] System.NullReferenceException: Object reference not set to an instance of an object.
   at UiPath.Studio.Orchestrator.Folders.Services.RefreshFoldersJobExecutor.ParseValueFieldInJson[T](String jsonData)
   at UiPath.Studio.Orchestrator.Folders.Services.RefreshFoldersJobExecutor.<GetResources>d__13`1.MoveNext(), HResult -2147467261
00:40:45.9771 => [WARN] [UiPath.Studio.exe] [1] Warn: Current license folder path: C:\ProgramData\UiPath\LicenseInternal
00:40:45.9771 => [WARN] [UiPath.Studio.exe] [1] Warn: Handling online update license request with current state :NoLicenseAvailable
00:40:45.9771 => [WARN] [UiPath.Studio.exe] [1] Warn: Current license folder path: C:\ProgramData\UiPath\LicenseInternal
00:40:45.9771 => [WARN] [UiPath.Studio.exe] [1] Warn: No license available skipping online update license request
00:40:45.9791 => [ERROR] [UiPath.Studio.exe] [1] Error: No license exist for this installation Exception: UiPath.Licensing.Library.Extended.Exceptions.NotLicensedException: No license exist for this installation
   at UiPath.Licensing.Library.Extended.Implementation.OnlineLoader.<UpdateAsync>d__8.MoveNext()
--- End of stack trace from previous location where exception was thrown ---
   at System.Runtime.CompilerServices.TaskAwaiter.ThrowForNonSuccess(Task task)
   at System.Runtime.CompilerServices.TaskAwaiter.HandleNonSuccessAndDebuggerNotification(Task task)
   at UiPath.Licensing.Library.Extended.Implementation.LicenseProvider.<UiPath-Licensing-Library-Extended-ILicenseProvider-UpdateOnlineLicenseAsync>d__11.MoveNext()
00:40:45.9791 => [ERROR] [UiPath.Studio.exe] [1] Error: Error while updating license Exception: UiPath.Licensing.Library.Extended.Exceptions.NotLicensedException: No license exist for this installation
   at UiPath.Licensing.Library.Extended.Implementation.OnlineLoader.<UpdateAsync>d__8.MoveNext()
--- End of stack trace from previous location where exception was thrown ---
   at System.Runtime.CompilerServices.TaskAwaiter.ThrowForNonSuccess(Task task)
   at System.Runtime.CompilerServices.TaskAwaiter.HandleNonSuccessAndDebuggerNotification(Task task)
   at UiPath.Licensing.Library.Extended.Implementation.LicenseProvider.<UiPath-Licensing-Library-Extended-ILicenseProvider-UpdateOnlineLicenseAsync>d__11.MoveNext()
--- End of stack trace from previous location where exception was thrown ---
   at System.Runtime.CompilerServices.TaskAwaiter.ThrowForNonSuccess(Task task)
   at System.Runtime.CompilerServices.TaskAwaiter.HandleNonSuccessAndDebuggerNotification(Task task)
   at UiPath.Licensing.LicenseService.<UpdateOnlineLicenseAsync>d__24.MoveNext()
00:40:47.9391 => [WARN] [UiPath.Studio.Shared.Logging.OutputLogger] [8] NU1602: Twilio 3.6.18 does not provide an inclusive lower bound for dependency RestSharp. An approximate best match of RestSharp 100.3.0 was resolved.
00:40:47.9821 => [WARN] [UiPath.Studio.Shared.Logging.OutputLogger] [8] NU1605: Detected package downgrade: UiPath.WebAPI.Activities from 1.4.4 to 1.4.3. Reference the package directly from the project to select a different version. 
 FCC-PowerStepp-Moore Hospital Repricing Medicare Claims -> Xenon_Utilities 5.8.3 -> UiPath.WebAPI.Activities (>= 1.4.4) 
 FCC-PowerStepp-Moore Hospital Repricing Medicare Claims -> UiPath.WebAPI.Activities (= 1.4.3)
00:40:56.6655 => [ERROR] [UiPath.Studio.exe] [4] $LoadAssembly: System.DataSetExtensions: System.ArgumentNullException: Value cannot be null.
Parameter name: assembly
   at ActiproSoftware.Text.Languages.DotNet.Reflection.Implementation.FileBasedAssemblyRepository.Add(IBinaryAssembly assembly)
   at UiPath.Studio.Plugin.Workflow.ExpressionEditor.SyntaxService.LoadAssembly(LoadIntellisenseAssembliesContext context, String assemblyName, CancellationToken cancellationToken), HResult -2147467261
00:40:56.6785 => [ERROR] [UiPath.Studio.exe] [4] $LoadAssembly: Microsoft.VisualBasic: System.ArgumentNullException: Value cannot be null.
Parameter name: assembly
   at ActiproSoftware.Text.Languages.DotNet.Reflection.Implementation.FileBasedAssemblyRepository.Add(IBinaryAssembly assembly)
   at UiPath.Studio.Plugin.Workflow.ExpressionEditor.SyntaxService.LoadAssembly(LoadIntellisenseAssembliesContext context, String assemblyName, CancellationToken cancellationToken), HResult -2147467261
00:40:58.1035 => [ERROR] [UiPath.Studio.exe] [10] $LoadAssembly: UiPath.CV, Version=19.10.1.0, Culture=neutral, PublicKeyToken=null: System.IO.FileNotFoundException: Could not load file or assembly 'Emgu.CV.World, Version=3.4.1.2984, Culture=neutral, PublicKeyToken=null' or one of its dependencies. The system cannot find the file specified.
File name: 'Emgu.CV.World, Version=3.4.1.2984, Culture=neutral, PublicKeyToken=null'
   at System.RuntimeTypeHandle.GetDeclaringType(RuntimeType type)
   at System.RuntimeType.RuntimeTypeCache.GetEnclosingType()
   at System.RuntimeType.get_DeclaringType()
   at ActiproSoftware.Text.Languages.DotNet.Reflection.Implementation.BinaryAssemblyLoader.#gFc(Type #4Ub)
   at ActiproSoftware.Text.Languages.DotNet.Reflection.Implementation.BinaryAssemblyLoader.<>c.#a1j(Type #gi)
   at System.Linq.Enumerable.WhereArrayIterator`1.MoveNext()
   at ActiproSoftware.Text.Languages.DotNet.Reflection.Implementation.BinaryAssemblyLoader.#XEc(Assembly #sxc)
   at ActiproSoftware.Text.Languages.DotNet.Reflection.Implementation.BinaryAssemblyLoader.#iFc(Assembly #sxc)
   at ActiproSoftware.Text.Languages.DotNet.Reflection.Implementation.AssemblyRepositoryBase.#30j(Assembly #sxc, IAssemblyName #4tc, IBinaryAssemblyMetadata #RDb)
   at ActiproSoftware.Text.Languages.DotNet.Reflection.Implementation.AssemblyRepositoryBase.Create(Assembly assembly, IAssemblyName assemblyName, IBinaryAssemblyMetadata metadata)
   at ActiproSoftware.Text.Languages.DotNet.Reflection.Implementation.FileBasedAssemblyRepository.Create(Assembly assembly, IAssemblyName assemblyName, IBinaryAssemblyMetadata metadata)
   at ActiproSoftware.Text.Languages.DotNet.Reflection.Implementation.FileBasedAssemblyRepository.GetOrCreate(Assembly assembly, IAssemblyName assemblyName, String location)
   at ActiproSoftware.Text.Languages.DotNet.Reflection.Implementation.AssemblyRepositoryBase.#uBh(Assembly #sxc, IAssemblyName #4tc, String #bVe)
   at ActiproSoftware.Text.Languages.DotNet.Reflection.Implementation.AssemblyRepositoryBase.Load(Assembly assembly, IAssemblyName assemblyName)
   at ActiproSoftware.Text.Languages.DotNet.Reflection.Implementation.AssemblyRepositoryBase.Load(String fullName)
   at UiPath.Studio.Plugin.Workflow.ExpressionEditor.SyntaxService.LoadAssembly(LoadIntellisenseAssembliesContext context, String assemblyName, CancellationToken cancellationToken)

WRN: Assembly binding logging is turned OFF.
To enable assembly bind failure logging, set the registry value [HKLM\Software\Microsoft\Fusion!EnableLog] (DWORD) to 1.
Note: There is some performance penalty associated with assembly bind failure logging.
To turn this feature off, remove the registry value [HKLM\Software\Microsoft\Fusion!EnableLog].
, HResult -2147024894
00:40:58.1815 => [ERROR] [UiPath.Studio.exe] [10] $LoadAssembly: UiPath.CV, Version=19.10.1.0, Culture=neutral, PublicKeyToken=null: System.IO.FileNotFoundException: Could not load file or assembly 'Emgu.CV.World, Version=3.4.1.2984, Culture=neutral, PublicKeyToken=null' or one of its dependencies. The system cannot find the file specified.
File name: 'Emgu.CV.World, Version=3.4.1.2984, Culture=neutral, PublicKeyToken=null'
   at System.RuntimeTypeHandle.GetDeclaringType(RuntimeType type)
   at System.RuntimeType.RuntimeTypeCache.GetEnclosingType()
   at System.RuntimeType.get_DeclaringType()
   at ActiproSoftware.Text.Languages.DotNet.Reflection.Implementation.BinaryAssemblyLoader.#gFc(Type #4Ub)
   at ActiproSoftware.Text.Languages.DotNet.Reflection.Implementation.BinaryAssemblyLoader.<>c.#a1j(Type #gi)
   at System.Linq.Enumerable.WhereArrayIterator`1.MoveNext()
   at ActiproSoftware.Text.Languages.DotNet.Reflection.Implementation.BinaryAssemblyLoader.#XEc(Assembly #sxc)
   at ActiproSoftware.Text.Languages.DotNet.Reflection.Implementation.BinaryAssemblyLoader.#iFc(Assembly #sxc)
   at ActiproSoftware.Text.Languages.DotNet.Reflection.Implementation.AssemblyRepositoryBase.#30j(Assembly #sxc, IAssemblyName #4tc, IBinaryAssemblyMetadata #RDb)
   at ActiproSoftware.Text.Languages.DotNet.Reflection.Implementation.AssemblyRepositoryBase.Create(Assembly assembly, IAssemblyName assemblyName, IBinaryAssemblyMetadata metadata)
   at ActiproSoftware.Text.Languages.DotNet.Reflection.Implementation.FileBasedAssemblyRepository.Create(Assembly assembly, IAssemblyName assemblyName, IBinaryAssemblyMetadata metadata)
   at ActiproSoftware.Text.Languages.DotNet.Reflection.Implementation.FileBasedAssemblyRepository.GetOrCreate(Assembly assembly, IAssemblyName assemblyName, String location)
   at ActiproSoftware.Text.Languages.DotNet.Reflection.Implementation.AssemblyRepositoryBase.#uBh(Assembly #sxc, IAssemblyName #4tc, String #bVe)
   at ActiproSoftware.Text.Languages.DotNet.Reflection.Implementation.AssemblyRepositoryBase.Load(Assembly assembly, IAssemblyName assemblyName)
   at ActiproSoftware.Text.Languages.DotNet.Reflection.Implementation.AssemblyRepositoryBase.Load(String fullName)
   at UiPath.Studio.Plugin.Workflow.ExpressionEditor.SyntaxService.LoadAssembly(LoadIntellisenseAssembliesContext context, String assemblyName, CancellationToken cancellationToken)

WRN: Assembly binding logging is turned OFF.
To enable assembly bind failure logging, set the registry value [HKLM\Software\Microsoft\Fusion!EnableLog] (DWORD) to 1.
Note: There is some performance penalty associated with assembly bind failure logging.
To turn this feature off, remove the registry value [HKLM\Software\Microsoft\Fusion!EnableLog].
, HResult -2147024894
00:40:58.1815 => [ERROR] [UiPath.Studio.exe] [10] $LoadAssembly: UiPath.CV, Version=19.10.1.0, Culture=neutral, PublicKeyToken=null: System.IO.FileNotFoundException: Could not load file or assembly 'Emgu.CV.World, Version=3.4.1.2984, Culture=neutral, PublicKeyToken=null' or one of its dependencies. The system cannot find the file specified.
File name: 'Emgu.CV.World, Version=3.4.1.2984, Culture=neutral, PublicKeyToken=null'
   at System.RuntimeTypeHandle.GetDeclaringType(RuntimeType type)
   at System.RuntimeType.RuntimeTypeCache.GetEnclosingType()
   at System.RuntimeType.get_DeclaringType()
   at ActiproSoftware.Text.Languages.DotNet.Reflection.Implementation.BinaryAssemblyLoader.#gFc(Type #4Ub)
   at ActiproSoftware.Text.Languages.DotNet.Reflection.Implementation.BinaryAssemblyLoader.<>c.#a1j(Type #gi)
   at System.Linq.Enumerable.WhereArrayIterator`1.MoveNext()
   at ActiproSoftware.Text.Languages.DotNet.Reflection.Implementation.BinaryAssemblyLoader.#XEc(Assembly #sxc)
   at ActiproSoftware.Text.Languages.DotNet.Reflection.Implementation.BinaryAssemblyLoader.#iFc(Assembly #sxc)
   at ActiproSoftware.Text.Languages.DotNet.Reflection.Implementation.AssemblyRepositoryBase.#30j(Assembly #sxc, IAssemblyName #4tc, IBinaryAssemblyMetadata #RDb)
   at ActiproSoftware.Text.Languages.DotNet.Reflection.Implementation.AssemblyRepositoryBase.Create(Assembly assembly, IAssemblyName assemblyName, IBinaryAssemblyMetadata metadata)
   at ActiproSoftware.Text.Languages.DotNet.Reflection.Implementation.FileBasedAssemblyRepository.Create(Assembly assembly, IAssemblyName assemblyName, IBinaryAssemblyMetadata metadata)
   at ActiproSoftware.Text.Languages.DotNet.Reflection.Implementation.FileBasedAssemblyRepository.GetOrCreate(Assembly assembly, IAssemblyName assemblyName, String location)
   at ActiproSoftware.Text.Languages.DotNet.Reflection.Implementation.AssemblyRepositoryBase.#uBh(Assembly #sxc, IAssemblyName #4tc, String #bVe)
   at ActiproSoftware.Text.Languages.DotNet.Reflection.Implementation.AssemblyRepositoryBase.Load(Assembly assembly, IAssemblyName assemblyName)
   at ActiproSoftware.Text.Languages.DotNet.Reflection.Implementation.AssemblyRepositoryBase.Load(String fullName)
   at UiPath.Studio.Plugin.Workflow.ExpressionEditor.SyntaxService.LoadAssembly(LoadIntellisenseAssembliesContext context, String assemblyName, CancellationToken cancellationToken)

WRN: Assembly binding logging is turned OFF.
To enable assembly bind failure logging, set the registry value [HKLM\Software\Microsoft\Fusion!EnableLog] (DWORD) to 1.
Note: There is some performance penalty associated with assembly bind failure logging.
To turn this feature off, remove the registry value [HKLM\Software\Microsoft\Fusion!EnableLog].
, HResult -2147024894
00:44:39.8359 => [ERROR] [UiPath.Studio.Shared.Logging.OutputLogger] [22] Set Field at Position: Terminal error: FieldNotFound
00:44:52.4063 => [WARN] [UiPath.Studio.Shared.Logging.OutputLogger] [10] {Global Exception Handler}
00:44:52.4523 => [ERROR] [UiPath.Studio.Shared.Logging.OutputLogger] [11] {GLOBAL EXCEPTION HANDLER} - Failed Activity - Name=Set Field at Position, ActivityId = 1.1476, ActivityInstanceId = 1108, TypeName=UiPath.Terminal.Advanced.Activities.TerminalSetFieldAtPosition
00:44:52.4603 => [WARN] [UiPath.Studio.Shared.Logging.OutputLogger] [35] {GLOBAL EXCEPTION HANDLER} - Type Name - UiPath.Terminal.Advanced.Activities.TerminalSetFieldAtPosition
00:44:52.4693 => [ERROR] [UiPath.Studio.Shared.Logging.OutputLogger] [12] {GLOBAL EXCEPTION HANDLER} - System.Exception: Terminal error: FieldNotFound
   at UiPath.Terminal.Activities.TerminalActivity`1.EndExecute(AsyncCodeActivityContext context, IAsyncResult result)
   at System.Activities.AsyncCodeActivity.System.Activities.IAsyncCodeActivity.FinishExecution(AsyncCodeActivityContext context, IAsyncResult result)
   at System.Activities.AsyncCodeActivity.CompleteAsyncCodeActivityData.CompleteAsyncCodeActivityWorkItem.Execute(ActivityExecutor executor, BookmarkManager bookmarkManager)
00:44:52.8474 => [ERROR] [UiPath.Studio.Shared.Logging.OutputLogger] [11] Set Field at Position: Terminal error: FieldNotFound
00:46:06.9242 => [WARN] [UiPath.Studio.Shared.Logging.OutputLogger] [11] {Global Exception Handler}
00:46:06.9682 => [ERROR] [UiPath.Studio.Shared.Logging.OutputLogger] [32] {GLOBAL EXCEPTION HANDLER} - Failed Activity - Name=Set Field at Position, ActivityId = 1.1476, ActivityInstanceId = 1109, TypeName=UiPath.Terminal.Advanced.Activities.TerminalSetFieldAtPosition
00:46:06.9752 => [WARN] [UiPath.Studio.Shared.Logging.OutputLogger] [44] {GLOBAL EXCEPTION HANDLER} - Type Name - UiPath.Terminal.Advanced.Activities.TerminalSetFieldAtPosition
00:46:06.9852 => [ERROR] [UiPath.Studio.Shared.Logging.OutputLogger] [32] {GLOBAL EXCEPTION HANDLER} - System.Exception: Terminal error: FieldNotFound
   at UiPath.Terminal.Activities.TerminalActivity`1.EndExecute(AsyncCodeActivityContext context, IAsyncResult result)
   at System.Activities.AsyncCodeActivity.System.Activities.IAsyncCodeActivity.FinishExecution(AsyncCodeActivityContext context, IAsyncResult result)
   at System.Activities.AsyncCodeActivity.CompleteAsyncCodeActivityData.CompleteAsyncCodeActivityWorkItem.Execute(ActivityExecutor executor, BookmarkManager bookmarkManager)
00:46:07.3802 => [ERROR] [UiPath.Studio.Shared.Logging.OutputLogger] [26] Set Field at Position: Terminal error: FieldNotFound
00:47:35.4145 => [WARN] [UiPath.Studio.exe] [1] Warn: Retrieving RegistrationState.
00:47:35.4155 => [WARN] [UiPath.Studio.exe] [1] Warn: Current license folder path: C:\ProgramData\UiPath\LicenseInternal
00:47:35.4155 => [WARN] [UiPath.Studio.exe] [1] Warn: Retrieved RegistrationState value NoLicenseAvailable.
00:47:35.4155 => [WARN] [UiPath.Studio.exe] [1] Warn: Handling update online operation.
00:47:35.4155 => [WARN] [UiPath.Studio.exe] [1] Warn: Retrieving LicenseInfo.
00:47:35.4155 => [WARN] [UiPath.Studio.exe] [1] Warn: Current license folder path: C:\ProgramData\UiPath\LicenseInternal
00:47:35.4155 => [WARN] [UiPath.Studio.exe] [1] Warn: Retrieved LicenseInfo value RegistrationState: NoLicenseAvailable, ActivationId: , LicenseCode: [empty], LicenseModel: , Version: , StartDate: 0, EndDate: 0, GracePeriod: 0, Email: , CheckInterval: 0, NextCheckDate: 0, BundleCode: , SubscriptionCode: .
00:47:35.4155 => [WARN] [UiPath.Studio.exe] [1] Warn: Retrieving RegistrationState.
00:47:35.4155 => [WARN] [UiPath.Studio.exe] [1] Warn: Current license folder path: C:\ProgramData\UiPath\LicenseInternal
00:47:35.4155 => [WARN] [UiPath.Studio.exe] [1] Warn: Retrieved RegistrationState value NoLicenseAvailable.
00:47:44.7509 => [ERROR] [UiPath.Studio.exe] [14] System.NullReferenceException: Object reference not set to an instance of an object.
   at UiPath.Studio.Orchestrator.Folders.Services.RefreshFoldersJobExecutor.ParseValueFieldInJson[T](String jsonData)
   at UiPath.Studio.Orchestrator.Folders.Services.RefreshFoldersJobExecutor.<GetResources>d__13`1.MoveNext(), HResult -2147467261
00:47:45.4609 => [WARN] [UiPath.Studio.exe] [1] Warn: Current license folder path: C:\ProgramData\UiPath\LicenseInternal
00:47:45.4609 => [WARN] [UiPath.Studio.exe] [1] Warn: Handling online update license request with current state :NoLicenseAvailable
00:47:45.4609 => [WARN] [UiPath.Studio.exe] [1] Warn: Current license folder path: C:\ProgramData\UiPath\LicenseInternal
00:47:45.4609 => [WARN] [UiPath.Studio.exe] [1] Warn: No license available skipping online update license request
00:47:45.4639 => [ERROR] [UiPath.Studio.exe] [1] Error: No license exist for this installation Exception: UiPath.Licensing.Library.Extended.Exceptions.NotLicensedException: No license exist for this installation
   at UiPath.Licensing.Library.Extended.Implementation.OnlineLoader.<UpdateAsync>d__8.MoveNext()
--- End of stack trace from previous location where exception was thrown ---
   at System.Runtime.CompilerServices.TaskAwaiter.ThrowForNonSuccess(Task task)
   at System.Runtime.CompilerServices.TaskAwaiter.HandleNonSuccessAndDebuggerNotification(Task task)
   at UiPath.Licensing.Library.Extended.Implementation.LicenseProvider.<UiPath-Licensing-Library-Extended-ILicenseProvider-UpdateOnlineLicenseAsync>d__11.MoveNext()
00:47:45.4639 => [ERROR] [UiPath.Studio.exe] [1] Error: Error while updating license Exception: UiPath.Licensing.Library.Extended.Exceptions.NotLicensedException: No license exist for this installation
   at UiPath.Licensing.Library.Extended.Implementation.OnlineLoader.<UpdateAsync>d__8.MoveNext()
--- End of stack trace from previous location where exception was thrown ---
   at System.Runtime.CompilerServices.TaskAwaiter.ThrowForNonSuccess(Task task)
   at System.Runtime.CompilerServices.TaskAwaiter.HandleNonSuccessAndDebuggerNotification(Task task)
   at UiPath.Licensing.Library.Extended.Implementation.LicenseProvider.<UiPath-Licensing-Library-Extended-ILicenseProvider-UpdateOnlineLicenseAsync>d__11.MoveNext()
--- End of stack trace from previous location where exception was thrown ---
   at System.Runtime.CompilerServices.TaskAwaiter.ThrowForNonSuccess(Task task)
   at System.Runtime.CompilerServices.TaskAwaiter.HandleNonSuccessAndDebuggerNotification(Task task)
   at UiPath.Licensing.LicenseService.<UpdateOnlineLicenseAsync>d__24.MoveNext()
00:47:47.3760 => [WARN] [UiPath.Studio.Shared.Logging.OutputLogger] [6] NU1602: Twilio 3.6.18 does not provide an inclusive lower bound for dependency RestSharp. An approximate best match of RestSharp 100.3.0 was resolved.
00:47:47.4110 => [WARN] [UiPath.Studio.Shared.Logging.OutputLogger] [6] NU1605: Detected package downgrade: UiPath.WebAPI.Activities from 1.4.4 to 1.2.6863.33980. Reference the package directly from the project to select a different version. 
 FCC-PowerStepp-Provider Matching -> Xenon_Utilities 5.8.3 -> UiPath.WebAPI.Activities (>= 1.4.4) 
 FCC-PowerStepp-Provider Matching -> UiPath.WebAPI.Activities (= 1.2.6863.33980)
00:47:56.3143 => [ERROR] [UiPath.Studio.exe] [10] $LoadAssembly: System.DataSetExtensions: System.ArgumentNullException: Value cannot be null.
Parameter name: assembly
   at ActiproSoftware.Text.Languages.DotNet.Reflection.Implementation.FileBasedAssemblyRepository.Add(IBinaryAssembly assembly)
   at UiPath.Studio.Plugin.Workflow.ExpressionEditor.SyntaxService.LoadAssembly(LoadIntellisenseAssembliesContext context, String assemblyName, CancellationToken cancellationToken), HResult -2147467261
00:47:56.3413 => [ERROR] [UiPath.Studio.exe] [10] $LoadAssembly: Microsoft.VisualBasic: System.ArgumentNullException: Value cannot be null.
Parameter name: assembly
   at ActiproSoftware.Text.Languages.DotNet.Reflection.Implementation.FileBasedAssemblyRepository.Add(IBinaryAssembly assembly)
   at UiPath.Studio.Plugin.Workflow.ExpressionEditor.SyntaxService.LoadAssembly(LoadIntellisenseAssembliesContext context, String assemblyName, CancellationToken cancellationToken), HResult -2147467261
00:47:58.9454 => [ERROR] [UiPath.Studio.exe] [32] $LoadAssembly: UiPath.CV, Version=19.10.1.0, Culture=neutral, PublicKeyToken=null: System.IO.FileNotFoundException: Could not load file or assembly 'Emgu.CV.World, Version=3.4.1.2984, Culture=neutral, PublicKeyToken=null' or one of its dependencies. The system cannot find the file specified.
File name: 'Emgu.CV.World, Version=3.4.1.2984, Culture=neutral, PublicKeyToken=null'
   at System.RuntimeTypeHandle.GetDeclaringType(RuntimeType type)
   at System.RuntimeType.RuntimeTypeCache.GetEnclosingType()
   at System.RuntimeType.get_DeclaringType()
   at ActiproSoftware.Text.Languages.DotNet.Reflection.Implementation.BinaryAssemblyLoader.#gFc(Type #4Ub)
   at ActiproSoftware.Text.Languages.DotNet.Reflection.Implementation.BinaryAssemblyLoader.<>c.#a1j(Type #gi)
   at System.Linq.Enumerable.WhereArrayIterator`1.MoveNext()
   at ActiproSoftware.Text.Languages.DotNet.Reflection.Implementation.BinaryAssemblyLoader.#XEc(Assembly #sxc)
   at ActiproSoftware.Text.Languages.DotNet.Reflection.Implementation.BinaryAssemblyLoader.#iFc(Assembly #sxc)
   at ActiproSoftware.Text.Languages.DotNet.Reflection.Implementation.AssemblyRepositoryBase.#30j(Assembly #sxc, IAssemblyName #4tc, IBinaryAssemblyMetadata #RDb)
   at ActiproSoftware.Text.Languages.DotNet.Reflection.Implementation.AssemblyRepositoryBase.Create(Assembly assembly, IAssemblyName assemblyName, IBinaryAssemblyMetadata metadata)
   at ActiproSoftware.Text.Languages.DotNet.Reflection.Implementation.FileBasedAssemblyRepository.Create(Assembly assembly, IAssemblyName assemblyName, IBinaryAssemblyMetadata metadata)
   at ActiproSoftware.Text.Languages.DotNet.Reflection.Implementation.FileBasedAssemblyRepository.GetOrCreate(Assembly assembly, IAssemblyName assemblyName, String location)
   at ActiproSoftware.Text.Languages.DotNet.Reflection.Implementation.AssemblyRepositoryBase.#uBh(Assembly #sxc, IAssemblyName #4tc, String #bVe)
   at ActiproSoftware.Text.Languages.DotNet.Reflection.Implementation.AssemblyRepositoryBase.Load(Assembly assembly, IAssemblyName assemblyName)
   at ActiproSoftware.Text.Languages.DotNet.Reflection.Implementation.AssemblyRepositoryBase.Load(String fullName)
   at UiPath.Studio.Plugin.Workflow.ExpressionEditor.SyntaxService.LoadAssembly(LoadIntellisenseAssembliesContext context, String assemblyName, CancellationToken cancellationToken)

WRN: Assembly binding logging is turned OFF.
To enable assembly bind failure logging, set the registry value [HKLM\Software\Microsoft\Fusion!EnableLog] (DWORD) to 1.
Note: There is some performance penalty associated with assembly bind failure logging.
To turn this feature off, remove the registry value [HKLM\Software\Microsoft\Fusion!EnableLog].
, HResult -2147024894
00:47:59.0464 => [ERROR] [UiPath.Studio.exe] [32] $LoadAssembly: UiPath.CV, Version=19.10.1.0, Culture=neutral, PublicKeyToken=null: System.IO.FileNotFoundException: Could not load file or assembly 'Emgu.CV.World, Version=3.4.1.2984, Culture=neutral, PublicKeyToken=null' or one of its dependencies. The system cannot find the file specified.
File name: 'Emgu.CV.World, Version=3.4.1.2984, Culture=neutral, PublicKeyToken=null'
   at System.RuntimeTypeHandle.GetDeclaringType(RuntimeType type)
   at System.RuntimeType.RuntimeTypeCache.GetEnclosingType()
   at System.RuntimeType.get_DeclaringType()
   at ActiproSoftware.Text.Languages.DotNet.Reflection.Implementation.BinaryAssemblyLoader.#gFc(Type #4Ub)
   at ActiproSoftware.Text.Languages.DotNet.Reflection.Implementation.BinaryAssemblyLoader.<>c.#a1j(Type #gi)
   at System.Linq.Enumerable.WhereArrayIterator`1.MoveNext()
   at ActiproSoftware.Text.Languages.DotNet.Reflection.Implementation.BinaryAssemblyLoader.#XEc(Assembly #sxc)
   at ActiproSoftware.Text.Languages.DotNet.Reflection.Implementation.BinaryAssemblyLoader.#iFc(Assembly #sxc)
   at ActiproSoftware.Text.Languages.DotNet.Reflection.Implementation.AssemblyRepositoryBase.#30j(Assembly #sxc, IAssemblyName #4tc, IBinaryAssemblyMetadata #RDb)
   at ActiproSoftware.Text.Languages.DotNet.Reflection.Implementation.AssemblyRepositoryBase.Create(Assembly assembly, IAssemblyName assemblyName, IBinaryAssemblyMetadata metadata)
   at ActiproSoftware.Text.Languages.DotNet.Reflection.Implementation.FileBasedAssemblyRepository.Create(Assembly assembly, IAssemblyName assemblyName, IBinaryAssemblyMetadata metadata)
   at ActiproSoftware.Text.Languages.DotNet.Reflection.Implementation.FileBasedAssemblyRepository.GetOrCreate(Assembly assembly, IAssemblyName assemblyName, String location)
   at ActiproSoftware.Text.Languages.DotNet.Reflection.Implementation.AssemblyRepositoryBase.#uBh(Assembly #sxc, IAssemblyName #4tc, String #bVe)
   at ActiproSoftware.Text.Languages.DotNet.Reflection.Implementation.AssemblyRepositoryBase.Load(Assembly assembly, IAssemblyName assemblyName)
   at ActiproSoftware.Text.Languages.DotNet.Reflection.Implementation.AssemblyRepositoryBase.Load(String fullName)
   at UiPath.Studio.Plugin.Workflow.ExpressionEditor.SyntaxService.LoadAssembly(LoadIntellisenseAssembliesContext context, String assemblyName, CancellationToken cancellationToken)

WRN: Assembly binding logging is turned OFF.
To enable assembly bind failure logging, set the registry value [HKLM\Software\Microsoft\Fusion!EnableLog] (DWORD) to 1.
Note: There is some performance penalty associated with assembly bind failure logging.
To turn this feature off, remove the registry value [HKLM\Software\Microsoft\Fusion!EnableLog].
, HResult -2147024894
00:47:59.0654 => [ERROR] [UiPath.Studio.exe] [32] $LoadAssembly: UiPath.CV, Version=19.10.1.0, Culture=neutral, PublicKeyToken=null: System.IO.FileNotFoundException: Could not load file or assembly 'Emgu.CV.World, Version=3.4.1.2984, Culture=neutral, PublicKeyToken=null' or one of its dependencies. The system cannot find the file specified.
File name: 'Emgu.CV.World, Version=3.4.1.2984, Culture=neutral, PublicKeyToken=null'
   at System.RuntimeTypeHandle.GetDeclaringType(RuntimeType type)
   at System.RuntimeType.RuntimeTypeCache.GetEnclosingType()
   at System.RuntimeType.get_DeclaringType()
   at ActiproSoftware.Text.Languages.DotNet.Reflection.Implementation.BinaryAssemblyLoader.#gFc(Type #4Ub)
   at ActiproSoftware.Text.Languages.DotNet.Reflection.Implementation.BinaryAssemblyLoader.<>c.#a1j(Type #gi)
   at System.Linq.Enumerable.WhereArrayIterator`1.MoveNext()
   at ActiproSoftware.Text.Languages.DotNet.Reflection.Implementation.BinaryAssemblyLoader.#XEc(Assembly #sxc)
   at ActiproSoftware.Text.Languages.DotNet.Reflection.Implementation.BinaryAssemblyLoader.#iFc(Assembly #sxc)
   at ActiproSoftware.Text.Languages.DotNet.Reflection.Implementation.AssemblyRepositoryBase.#30j(Assembly #sxc, IAssemblyName #4tc, IBinaryAssemblyMetadata #RDb)
   at ActiproSoftware.Text.Languages.DotNet.Reflection.Implementation.AssemblyRepositoryBase.Create(Assembly assembly, IAssemblyName assemblyName, IBinaryAssemblyMetadata metadata)
   at ActiproSoftware.Text.Languages.DotNet.Reflection.Implementation.FileBasedAssemblyRepository.Create(Assembly assembly, IAssemblyName assemblyName, IBinaryAssemblyMetadata metadata)
   at ActiproSoftware.Text.Languages.DotNet.Reflection.Implementation.FileBasedAssemblyRepository.GetOrCreate(Assembly assembly, IAssemblyName assemblyName, String location)
   at ActiproSoftware.Text.Languages.DotNet.Reflection.Implementation.AssemblyRepositoryBase.#uBh(Assembly #sxc, IAssemblyName #4tc, String #bVe)
   at ActiproSoftware.Text.Languages.DotNet.Reflection.Implementation.AssemblyRepositoryBase.Load(Assembly assembly, IAssemblyName assemblyName)
   at ActiproSoftware.Text.Languages.DotNet.Reflection.Implementation.AssemblyRepositoryBase.Load(String fullName)
   at UiPath.Studio.Plugin.Workflow.ExpressionEditor.SyntaxService.LoadAssembly(LoadIntellisenseAssembliesContext context, String assemblyName, CancellationToken cancellationToken)

WRN: Assembly binding logging is turned OFF.
To enable assembly bind failure logging, set the registry value [HKLM\Software\Microsoft\Fusion!EnableLog] (DWORD) to 1.
Note: There is some performance penalty associated with assembly bind failure logging.
To turn this feature off, remove the registry value [HKLM\Software\Microsoft\Fusion!EnableLog].
, HResult -2147024894
00:47:59.3435 => [ERROR] [UiPath.Studio.exe] [32] $LoadAssembly: UiPath.CV, Version=19.10.1.0, Culture=neutral, PublicKeyToken=null: System.IO.FileNotFoundException: Could not load file or assembly 'Emgu.CV.World, Version=3.4.1.2984, Culture=neutral, PublicKeyToken=null' or one of its dependencies. The system cannot find the file specified.
File name: 'Emgu.CV.World, Version=3.4.1.2984, Culture=neutral, PublicKeyToken=null'
   at System.RuntimeTypeHandle.GetDeclaringType(RuntimeType type)
   at System.RuntimeType.RuntimeTypeCache.GetEnclosingType()
   at System.RuntimeType.get_DeclaringType()
   at ActiproSoftware.Text.Languages.DotNet.Reflection.Implementation.BinaryAssemblyLoader.#gFc(Type #4Ub)
   at ActiproSoftware.Text.Languages.DotNet.Reflection.Implementation.BinaryAssemblyLoader.<>c.#a1j(Type #gi)
   at System.Linq.Enumerable.WhereArrayIterator`1.MoveNext()
   at ActiproSoftware.Text.Languages.DotNet.Reflection.Implementation.BinaryAssemblyLoader.#XEc(Assembly #sxc)
   at ActiproSoftware.Text.Languages.DotNet.Reflection.Implementation.BinaryAssemblyLoader.#iFc(Assembly #sxc)
   at ActiproSoftware.Text.Languages.DotNet.Reflection.Implementation.AssemblyRepositoryBase.#30j(Assembly #sxc, IAssemblyName #4tc, IBinaryAssemblyMetadata #RDb)
   at ActiproSoftware.Text.Languages.DotNet.Reflection.Implementation.AssemblyRepositoryBase.Create(Assembly assembly, IAssemblyName assemblyName, IBinaryAssemblyMetadata metadata)
   at ActiproSoftware.Text.Languages.DotNet.Reflection.Implementation.FileBasedAssemblyRepository.Create(Assembly assembly, IAssemblyName assemblyName, IBinaryAssemblyMetadata metadata)
   at ActiproSoftware.Text.Languages.DotNet.Reflection.Implementation.FileBasedAssemblyRepository.GetOrCreate(Assembly assembly, IAssemblyName assemblyName, String location)
   at ActiproSoftware.Text.Languages.DotNet.Reflection.Implementation.AssemblyRepositoryBase.#uBh(Assembly #sxc, IAssemblyName #4tc, String #bVe)
   at ActiproSoftware.Text.Languages.DotNet.Reflection.Implementation.AssemblyRepositoryBase.Load(Assembly assembly, IAssemblyName assemblyName)
   at ActiproSoftware.Text.Languages.DotNet.Reflection.Implementation.AssemblyRepositoryBase.Load(String fullName)
   at UiPath.Studio.Plugin.Workflow.ExpressionEditor.SyntaxService.LoadAssembly(LoadIntellisenseAssembliesContext context, String assemblyName, CancellationToken cancellationToken)

WRN: Assembly binding logging is turned OFF.
To enable assembly bind failure logging, set the registry value [HKLM\Software\Microsoft\Fusion!EnableLog] (DWORD) to 1.
Note: There is some performance penalty associated with assembly bind failure logging.
To turn this feature off, remove the registry value [HKLM\Software\Microsoft\Fusion!EnableLog].
, HResult -2147024894
00:47:59.4195 => [ERROR] [UiPath.Studio.exe] [32] $LoadAssembly: UiPath.CV, Version=19.10.1.0, Culture=neutral, PublicKeyToken=null: System.IO.FileNotFoundException: Could not load file or assembly 'Emgu.CV.World, Version=3.4.1.2984, Culture=neutral, PublicKeyToken=null' or one of its dependencies. The system cannot find the file specified.
File name: 'Emgu.CV.World, Version=3.4.1.2984, Culture=neutral, PublicKeyToken=null'
   at System.RuntimeTypeHandle.GetDeclaringType(RuntimeType type)
   at System.RuntimeType.RuntimeTypeCache.GetEnclosingType()
   at System.RuntimeType.get_DeclaringType()
   at ActiproSoftware.Text.Languages.DotNet.Reflection.Implementation.BinaryAssemblyLoader.#gFc(Type #4Ub)
   at ActiproSoftware.Text.Languages.DotNet.Reflection.Implementation.BinaryAssemblyLoader.<>c.#a1j(Type #gi)
   at System.Linq.Enumerable.WhereArrayIterator`1.MoveNext()
   at ActiproSoftware.Text.Languages.DotNet.Reflection.Implementation.BinaryAssemblyLoader.#XEc(Assembly #sxc)
   at ActiproSoftware.Text.Languages.DotNet.Reflection.Implementation.BinaryAssemblyLoader.#iFc(Assembly #sxc)
   at ActiproSoftware.Text.Languages.DotNet.Reflection.Implementation.AssemblyRepositoryBase.#30j(Assembly #sxc, IAssemblyName #4tc, IBinaryAssemblyMetadata #RDb)
   at ActiproSoftware.Text.Languages.DotNet.Reflection.Implementation.AssemblyRepositoryBase.Create(Assembly assembly, IAssemblyName assemblyName, IBinaryAssemblyMetadata metadata)
   at ActiproSoftware.Text.Languages.DotNet.Reflection.Implementation.FileBasedAssemblyRepository.Create(Assembly assembly, IAssemblyName assemblyName, IBinaryAssemblyMetadata metadata)
   at ActiproSoftware.Text.Languages.DotNet.Reflection.Implementation.FileBasedAssemblyRepository.GetOrCreate(Assembly assembly, IAssemblyName assemblyName, String location)
   at ActiproSoftware.Text.Languages.DotNet.Reflection.Implementation.AssemblyRepositoryBase.#uBh(Assembly #sxc, IAssemblyName #4tc, String #bVe)
   at ActiproSoftware.Text.Languages.DotNet.Reflection.Implementation.AssemblyRepositoryBase.Load(Assembly assembly, IAssemblyName assemblyName)
   at ActiproSoftware.Text.Languages.DotNet.Reflection.Implementation.AssemblyRepositoryBase.Load(String fullName)
   at UiPath.Studio.Plugin.Workflow.ExpressionEditor.SyntaxService.LoadAssembly(LoadIntellisenseAssembliesContext context, String assemblyName, CancellationToken cancellationToken)

WRN: Assembly binding logging is turned OFF.
To enable assembly bind failure logging, set the registry value [HKLM\Software\Microsoft\Fusion!EnableLog] (DWORD) to 1.
Note: There is some performance penalty associated with assembly bind failure logging.
To turn this feature off, remove the registry value [HKLM\Software\Microsoft\Fusion!EnableLog].
, HResult -2147024894
00:47:59.4195 => [ERROR] [UiPath.Studio.exe] [32] $LoadAssembly: UiPath.CV, Version=19.10.1.0, Culture=neutral, PublicKeyToken=null: System.IO.FileNotFoundException: Could not load file or assembly 'Emgu.CV.World, Version=3.4.1.2984, Culture=neutral, PublicKeyToken=null' or one of its dependencies. The system cannot find the file specified.
File name: 'Emgu.CV.World, Version=3.4.1.2984, Culture=neutral, PublicKeyToken=null'
   at System.RuntimeTypeHandle.GetDeclaringType(RuntimeType type)
   at System.RuntimeType.RuntimeTypeCache.GetEnclosingType()
   at System.RuntimeType.get_DeclaringType()
   at ActiproSoftware.Text.Languages.DotNet.Reflection.Implementation.BinaryAssemblyLoader.#gFc(Type #4Ub)
   at ActiproSoftware.Text.Languages.DotNet.Reflection.Implementation.BinaryAssemblyLoader.<>c.#a1j(Type #gi)
   at System.Linq.Enumerable.WhereArrayIterator`1.MoveNext()
   at ActiproSoftware.Text.Languages.DotNet.Reflection.Implementation.BinaryAssemblyLoader.#XEc(Assembly #sxc)
   at ActiproSoftware.Text.Languages.DotNet.Reflection.Implementation.BinaryAssemblyLoader.#iFc(Assembly #sxc)
   at ActiproSoftware.Text.Languages.DotNet.Reflection.Implementation.AssemblyRepositoryBase.#30j(Assembly #sxc, IAssemblyName #4tc, IBinaryAssemblyMetadata #RDb)
   at ActiproSoftware.Text.Languages.DotNet.Reflection.Implementation.AssemblyRepositoryBase.Create(Assembly assembly, IAssemblyName assemblyName, IBinaryAssemblyMetadata metadata)
   at ActiproSoftware.Text.Languages.DotNet.Reflection.Implementation.FileBasedAssemblyRepository.Create(Assembly assembly, IAssemblyName assemblyName, IBinaryAssemblyMetadata metadata)
   at ActiproSoftware.Text.Languages.DotNet.Reflection.Implementation.FileBasedAssemblyRepository.GetOrCreate(Assembly assembly, IAssemblyName assemblyName, String location)
   at ActiproSoftware.Text.Languages.DotNet.Reflection.Implementation.AssemblyRepositoryBase.#uBh(Assembly #sxc, IAssemblyName #4tc, String #bVe)
   at ActiproSoftware.Text.Languages.DotNet.Reflection.Implementation.AssemblyRepositoryBase.Load(Assembly assembly, IAssemblyName assemblyName)
   at ActiproSoftware.Text.Languages.DotNet.Reflection.Implementation.AssemblyRepositoryBase.Load(String fullName)
   at UiPath.Studio.Plugin.Workflow.ExpressionEditor.SyntaxService.LoadAssembly(LoadIntellisenseAssembliesContext context, String assemblyName, CancellationToken cancellationToken)

WRN: Assembly binding logging is turned OFF.
To enable assembly bind failure logging, set the registry value [HKLM\Software\Microsoft\Fusion!EnableLog] (DWORD) to 1.
Note: There is some performance penalty associated with assembly bind failure logging.
To turn this feature off, remove the registry value [HKLM\Software\Microsoft\Fusion!EnableLog].
, HResult -2147024894
00:50:16.9147 => [ERROR] [UiPath.Studio.Shared.Logging.OutputLogger] [40] {Record Log Next}:  Run is no longer active (failed).
00:50:31.7753 => [WARN] [UiPath.Studio.Shared.Logging.OutputLogger] [28] Beg Getting All Hold Codes
00:50:53.0541 => [WARN] [UiPath.Studio.Shared.Logging.OutputLogger] [40] End Getting All Hold Codes
00:50:53.1621 => [WARN] [UiPath.Studio.Shared.Logging.OutputLogger] [37] BEG - Search Service Dates and POS
00:50:59.7324 => [WARN] [UiPath.Studio.Shared.Logging.OutputLogger] [36] BEG - Search Service Dates and POS
00:51:06.3226 => [WARN] [UiPath.Studio.Shared.Logging.OutputLogger] [48] END - Search Service Dates and POS
00:51:11.1319 => [WARN] [UiPath.Studio.Shared.Logging.OutputLogger] [26] Begin - Gathering Date on CL1083
00:52:07.0026 => [WARN] [UiPath.Studio.Shared.Logging.OutputLogger] [44] End - Gathering Date on CL1083
00:52:10.6728 => [WARN] [UiPath.Studio.Shared.Logging.OutputLogger] [43] Begin - POS Check on CL1034
00:52:12.9509 => [WARN] [UiPath.Studio.Shared.Logging.OutputLogger] [48] End - POS Check on CL1034
00:52:17.6000 => [WARN] [UiPath.Studio.Shared.Logging.OutputLogger] [48] Begin - Getting All Providers/Vendors
00:52:32.0786 => [WARN] [UiPath.Studio.Shared.Logging.OutputLogger] [33] End - Getting All Providers/Vendors
00:52:36.7638 => [WARN] [UiPath.Studio.Shared.Logging.OutputLogger] [39] Begin - Getting All Providers/Vendors
00:52:51.2293 => [WARN] [UiPath.Studio.Shared.Logging.OutputLogger] [26] End - Getting All Providers/Vendors
00:53:09.8377 => [ERROR] [UiPath.Studio.Shared.Logging.OutputLogger] [38] Open CL1032/CL1033: There was an error connecting to terminal. Error code: Error
00:55:37.1569 => [ERROR] [UiPath.Studio.Shared.Logging.OutputLogger] [30] Open CL1032/CL1033: There was an error connecting to terminal. Error code: Error
00:55:40.3751 => [ERROR] [UiPath.Studio.Shared.Logging.OutputLogger] [3] PR1011 - Get Prov & Vendor Svc Dates: There was an error connecting to terminal. Error code: Error
00:56:06.4051 => [ERROR] [UiPath.Studio.Shared.Logging.OutputLogger] [19] Open CL1032/CL1033: There was an error connecting to terminal. Error code: Error
00:56:06.8008 => [ERROR] [UiPath.Studio.Shared.Logging.OutputLogger] [42] Invoke PR1011 workflow file: There was an error connecting to terminal. Error code: Error
01:06:24.1837 => [WARN] [UiPath.Studio.exe] [1] Warn: Retrieving RegistrationState.
01:06:24.1837 => [WARN] [UiPath.Studio.exe] [1] Warn: Current license folder path: C:\ProgramData\UiPath\LicenseInternal
01:06:24.1837 => [WARN] [UiPath.Studio.exe] [1] Warn: Retrieved RegistrationState value NoLicenseAvailable.
01:06:24.1837 => [WARN] [UiPath.Studio.exe] [1] Warn: Handling update online operation.
01:06:24.1837 => [WARN] [UiPath.Studio.exe] [1] Warn: Retrieving LicenseInfo.
01:06:24.1837 => [WARN] [UiPath.Studio.exe] [1] Warn: Current license folder path: C:\ProgramData\UiPath\LicenseInternal
01:06:24.1837 => [WARN] [UiPath.Studio.exe] [1] Warn: Retrieved LicenseInfo value RegistrationState: NoLicenseAvailable, ActivationId: , LicenseCode: [empty], LicenseModel: , Version: , StartDate: 0, EndDate: 0, GracePeriod: 0, Email: , CheckInterval: 0, NextCheckDate: 0, BundleCode: , SubscriptionCode: .
01:06:24.1837 => [WARN] [UiPath.Studio.exe] [1] Warn: Retrieving RegistrationState.
01:06:24.1837 => [WARN] [UiPath.Studio.exe] [1] Warn: Current license folder path: C:\ProgramData\UiPath\LicenseInternal
01:06:24.1837 => [WARN] [UiPath.Studio.exe] [1] Warn: Retrieved RegistrationState value NoLicenseAvailable.
01:06:34.5397 => [WARN] [UiPath.Studio.exe] [1] Warn: Current license folder path: C:\ProgramData\UiPath\LicenseInternal
01:06:34.5397 => [WARN] [UiPath.Studio.exe] [1] Warn: Handling online update license request with current state :NoLicenseAvailable
01:06:34.5397 => [WARN] [UiPath.Studio.exe] [1] Warn: Current license folder path: C:\ProgramData\UiPath\LicenseInternal
01:06:34.5397 => [WARN] [UiPath.Studio.exe] [1] Warn: No license available skipping online update license request
01:06:34.5397 => [ERROR] [UiPath.Studio.exe] [1] Error: No license exist for this installation Exception: UiPath.Licensing.Library.Extended.Exceptions.NotLicensedException: No license exist for this installation
   at UiPath.Licensing.Library.Extended.Implementation.OnlineLoader.<UpdateAsync>d__8.MoveNext()
--- End of stack trace from previous location where exception was thrown ---
   at System.Runtime.CompilerServices.TaskAwaiter.ThrowForNonSuccess(Task task)
   at System.Runtime.CompilerServices.TaskAwaiter.HandleNonSuccessAndDebuggerNotification(Task task)
   at UiPath.Licensing.Library.Extended.Implementation.LicenseProvider.<UiPath-Licensing-Library-Extended-ILicenseProvider-UpdateOnlineLicenseAsync>d__11.MoveNext()
01:06:34.5535 => [ERROR] [UiPath.Studio.exe] [1] Error: Error while updating license Exception: UiPath.Licensing.Library.Extended.Exceptions.NotLicensedException: No license exist for this installation
   at UiPath.Licensing.Library.Extended.Implementation.OnlineLoader.<UpdateAsync>d__8.MoveNext()
--- End of stack trace from previous location where exception was thrown ---
   at System.Runtime.CompilerServices.TaskAwaiter.ThrowForNonSuccess(Task task)
   at System.Runtime.CompilerServices.TaskAwaiter.HandleNonSuccessAndDebuggerNotification(Task task)
   at UiPath.Licensing.Library.Extended.Implementation.LicenseProvider.<UiPath-Licensing-Library-Extended-ILicenseProvider-UpdateOnlineLicenseAsync>d__11.MoveNext()
--- End of stack trace from previous location where exception was thrown ---
   at System.Runtime.CompilerServices.TaskAwaiter.ThrowForNonSuccess(Task task)
   at System.Runtime.CompilerServices.TaskAwaiter.HandleNonSuccessAndDebuggerNotification(Task task)
   at UiPath.Licensing.LicenseService.<UpdateOnlineLicenseAsync>d__24.MoveNext()
01:06:36.7186 => [ERROR] [UiPath.Studio.exe] [14] System.NullReferenceException: Object reference not set to an instance of an object.
   at UiPath.Studio.Orchestrator.Folders.Services.RefreshFoldersJobExecutor.ParseValueFieldInJson[T](String jsonData)
   at UiPath.Studio.Orchestrator.Folders.Services.RefreshFoldersJobExecutor.<GetResources>d__13`1.MoveNext(), HResult -2147467261
01:06:39.1687 => [WARN] [UiPath.Studio.Shared.Logging.OutputLogger] [8] NU1602: Twilio 3.6.18 does not provide an inclusive lower bound for dependency RestSharp. An approximate best match of RestSharp 100.3.0 was resolved.
01:06:39.1697 => [WARN] [UiPath.Studio.Shared.Logging.OutputLogger] [8] NU1605: Detected package downgrade: UiPath.WebAPI.Activities from 1.4.4 to 1.2.6863.33980. Reference the package directly from the project to select a different version. 
 FCC-PowerStepp-Provider Matching -> Xenon_Utilities 5.8.3 -> UiPath.WebAPI.Activities (>= 1.4.4) 
 FCC-PowerStepp-Provider Matching -> UiPath.WebAPI.Activities (= 1.2.6863.33980)
01:06:45.9210 => [ERROR] [UiPath.Studio.exe] [9] $LoadAssembly: System.DataSetExtensions: System.ArgumentNullException: Value cannot be null.
Parameter name: assembly
   at ActiproSoftware.Text.Languages.DotNet.Reflection.Implementation.FileBasedAssemblyRepository.Add(IBinaryAssembly assembly)
   at UiPath.Studio.Plugin.Workflow.ExpressionEditor.SyntaxService.LoadAssembly(LoadIntellisenseAssembliesContext context, String assemblyName, CancellationToken cancellationToken), HResult -2147467261
01:06:45.9340 => [ERROR] [UiPath.Studio.exe] [9] $LoadAssembly: Microsoft.VisualBasic: System.ArgumentNullException: Value cannot be null.
Parameter name: assembly
   at ActiproSoftware.Text.Languages.DotNet.Reflection.Implementation.FileBasedAssemblyRepository.Add(IBinaryAssembly assembly)
   at UiPath.Studio.Plugin.Workflow.ExpressionEditor.SyntaxService.LoadAssembly(LoadIntellisenseAssembliesContext context, String assemblyName, CancellationToken cancellationToken), HResult -2147467261
01:06:47.4271 => [ERROR] [UiPath.Studio.exe] [37] $LoadAssembly: UiPath.CV, Version=19.10.1.0, Culture=neutral, PublicKeyToken=null: System.IO.FileNotFoundException: Could not load file or assembly 'Emgu.CV.World, Version=3.4.1.2984, Culture=neutral, PublicKeyToken=null' or one of its dependencies. The system cannot find the file specified.
File name: 'Emgu.CV.World, Version=3.4.1.2984, Culture=neutral, PublicKeyToken=null'
   at System.RuntimeTypeHandle.GetDeclaringType(RuntimeType type)
   at System.RuntimeType.RuntimeTypeCache.GetEnclosingType()
   at System.RuntimeType.get_DeclaringType()
   at ActiproSoftware.Text.Languages.DotNet.Reflection.Implementation.BinaryAssemblyLoader.#gFc(Type #4Ub)
   at ActiproSoftware.Text.Languages.DotNet.Reflection.Implementation.BinaryAssemblyLoader.<>c.#a1j(Type #gi)
   at System.Linq.Enumerable.WhereArrayIterator`1.MoveNext()
   at ActiproSoftware.Text.Languages.DotNet.Reflection.Implementation.BinaryAssemblyLoader.#XEc(Assembly #sxc)
   at ActiproSoftware.Text.Languages.DotNet.Reflection.Implementation.BinaryAssemblyLoader.#iFc(Assembly #sxc)
   at ActiproSoftware.Text.Languages.DotNet.Reflection.Implementation.AssemblyRepositoryBase.#30j(Assembly #sxc, IAssemblyName #4tc, IBinaryAssemblyMetadata #RDb)
   at ActiproSoftware.Text.Languages.DotNet.Reflection.Implementation.AssemblyRepositoryBase.Create(Assembly assembly, IAssemblyName assemblyName, IBinaryAssemblyMetadata metadata)
   at ActiproSoftware.Text.Languages.DotNet.Reflection.Implementation.FileBasedAssemblyRepository.Create(Assembly assembly, IAssemblyName assemblyName, IBinaryAssemblyMetadata metadata)
   at ActiproSoftware.Text.Languages.DotNet.Reflection.Implementation.FileBasedAssemblyRepository.GetOrCreate(Assembly assembly, IAssemblyName assemblyName, String location)
   at ActiproSoftware.Text.Languages.DotNet.Reflection.Implementation.AssemblyRepositoryBase.#uBh(Assembly #sxc, IAssemblyName #4tc, String #bVe)
   at ActiproSoftware.Text.Languages.DotNet.Reflection.Implementation.AssemblyRepositoryBase.Load(Assembly assembly, IAssemblyName assemblyName)
   at ActiproSoftware.Text.Languages.DotNet.Reflection.Implementation.AssemblyRepositoryBase.Load(String fullName)
   at UiPath.Studio.Plugin.Workflow.ExpressionEditor.SyntaxService.LoadAssembly(LoadIntellisenseAssembliesContext context, String assemblyName, CancellationToken cancellationToken)

WRN: Assembly binding logging is turned OFF.
To enable assembly bind failure logging, set the registry value [HKLM\Software\Microsoft\Fusion!EnableLog] (DWORD) to 1.
Note: There is some performance penalty associated with assembly bind failure logging.
To turn this feature off, remove the registry value [HKLM\Software\Microsoft\Fusion!EnableLog].
, HResult -2147024894
01:06:47.5241 => [ERROR] [UiPath.Studio.exe] [37] $LoadAssembly: UiPath.CV, Version=19.10.1.0, Culture=neutral, PublicKeyToken=null: System.IO.FileNotFoundException: Could not load file or assembly 'Emgu.CV.World, Version=3.4.1.2984, Culture=neutral, PublicKeyToken=null' or one of its dependencies. The system cannot find the file specified.
File name: 'Emgu.CV.World, Version=3.4.1.2984, Culture=neutral, PublicKeyToken=null'
   at System.RuntimeTypeHandle.GetDeclaringType(RuntimeType type)
   at System.RuntimeType.RuntimeTypeCache.GetEnclosingType()
   at System.RuntimeType.get_DeclaringType()
   at ActiproSoftware.Text.Languages.DotNet.Reflection.Implementation.BinaryAssemblyLoader.#gFc(Type #4Ub)
   at ActiproSoftware.Text.Languages.DotNet.Reflection.Implementation.BinaryAssemblyLoader.<>c.#a1j(Type #gi)
   at System.Linq.Enumerable.WhereArrayIterator`1.MoveNext()
   at ActiproSoftware.Text.Languages.DotNet.Reflection.Implementation.BinaryAssemblyLoader.#XEc(Assembly #sxc)
   at ActiproSoftware.Text.Languages.DotNet.Reflection.Implementation.BinaryAssemblyLoader.#iFc(Assembly #sxc)
   at ActiproSoftware.Text.Languages.DotNet.Reflection.Implementation.AssemblyRepositoryBase.#30j(Assembly #sxc, IAssemblyName #4tc, IBinaryAssemblyMetadata #RDb)
   at ActiproSoftware.Text.Languages.DotNet.Reflection.Implementation.AssemblyRepositoryBase.Create(Assembly assembly, IAssemblyName assemblyName, IBinaryAssemblyMetadata metadata)
   at ActiproSoftware.Text.Languages.DotNet.Reflection.Implementation.FileBasedAssemblyRepository.Create(Assembly assembly, IAssemblyName assemblyName, IBinaryAssemblyMetadata metadata)
   at ActiproSoftware.Text.Languages.DotNet.Reflection.Implementation.FileBasedAssemblyRepository.GetOrCreate(Assembly assembly, IAssemblyName assemblyName, String location)
   at ActiproSoftware.Text.Languages.DotNet.Reflection.Implementation.AssemblyRepositoryBase.#uBh(Assembly #sxc, IAssemblyName #4tc, String #bVe)
   at ActiproSoftware.Text.Languages.DotNet.Reflection.Implementation.AssemblyRepositoryBase.Load(Assembly assembly, IAssemblyName assemblyName)
   at ActiproSoftware.Text.Languages.DotNet.Reflection.Implementation.AssemblyRepositoryBase.Load(String fullName)
   at UiPath.Studio.Plugin.Workflow.ExpressionEditor.SyntaxService.LoadAssembly(LoadIntellisenseAssembliesContext context, String assemblyName, CancellationToken cancellationToken)

WRN: Assembly binding logging is turned OFF.
To enable assembly bind failure logging, set the registry value [HKLM\Software\Microsoft\Fusion!EnableLog] (DWORD) to 1.
Note: There is some performance penalty associated with assembly bind failure logging.
To turn this feature off, remove the registry value [HKLM\Software\Microsoft\Fusion!EnableLog].
, HResult -2147024894
01:06:47.5241 => [ERROR] [UiPath.Studio.exe] [37] $LoadAssembly: UiPath.CV, Version=19.10.1.0, Culture=neutral, PublicKeyToken=null: System.IO.FileNotFoundException: Could not load file or assembly 'Emgu.CV.World, Version=3.4.1.2984, Culture=neutral, PublicKeyToken=null' or one of its dependencies. The system cannot find the file specified.
File name: 'Emgu.CV.World, Version=3.4.1.2984, Culture=neutral, PublicKeyToken=null'
   at System.RuntimeTypeHandle.GetDeclaringType(RuntimeType type)
   at System.RuntimeType.RuntimeTypeCache.GetEnclosingType()
   at System.RuntimeType.get_DeclaringType()
   at ActiproSoftware.Text.Languages.DotNet.Reflection.Implementation.BinaryAssemblyLoader.#gFc(Type #4Ub)
   at ActiproSoftware.Text.Languages.DotNet.Reflection.Implementation.BinaryAssemblyLoader.<>c.#a1j(Type #gi)
   at System.Linq.Enumerable.WhereArrayIterator`1.MoveNext()
   at ActiproSoftware.Text.Languages.DotNet.Reflection.Implementation.BinaryAssemblyLoader.#XEc(Assembly #sxc)
   at ActiproSoftware.Text.Languages.DotNet.Reflection.Implementation.BinaryAssemblyLoader.#iFc(Assembly #sxc)
   at ActiproSoftware.Text.Languages.DotNet.Reflection.Implementation.AssemblyRepositoryBase.#30j(Assembly #sxc, IAssemblyName #4tc, IBinaryAssemblyMetadata #RDb)
   at ActiproSoftware.Text.Languages.DotNet.Reflection.Implementation.AssemblyRepositoryBase.Create(Assembly assembly, IAssemblyName assemblyName, IBinaryAssemblyMetadata metadata)
   at ActiproSoftware.Text.Languages.DotNet.Reflection.Implementation.FileBasedAssemblyRepository.Create(Assembly assembly, IAssemblyName assemblyName, IBinaryAssemblyMetadata metadata)
   at ActiproSoftware.Text.Languages.DotNet.Reflection.Implementation.FileBasedAssemblyRepository.GetOrCreate(Assembly assembly, IAssemblyName assemblyName, String location)
   at ActiproSoftware.Text.Languages.DotNet.Reflection.Implementation.AssemblyRepositoryBase.#uBh(Assembly #sxc, IAssemblyName #4tc, String #bVe)
   at ActiproSoftware.Text.Languages.DotNet.Reflection.Implementation.AssemblyRepositoryBase.Load(Assembly assembly, IAssemblyName assemblyName)
   at ActiproSoftware.Text.Languages.DotNet.Reflection.Implementation.AssemblyRepositoryBase.Load(String fullName)
   at UiPath.Studio.Plugin.Workflow.ExpressionEditor.SyntaxService.LoadAssembly(LoadIntellisenseAssembliesContext context, String assemblyName, CancellationToken cancellationToken)

WRN: Assembly binding logging is turned OFF.
To enable assembly bind failure logging, set the registry value [HKLM\Software\Microsoft\Fusion!EnableLog] (DWORD) to 1.
Note: There is some performance penalty associated with assembly bind failure logging.
To turn this feature off, remove the registry value [HKLM\Software\Microsoft\Fusion!EnableLog].
, HResult -2147024894
01:08:22.6906 => [WARN] [UiPath.Studio.Shared.Logging.OutputLogger] [18] Screenshot saved to:  C:\UiPath Robot Screenshots\RunID=11791 Screenshot20201021010822655.png
01:39:29.3313 => [ERROR] [UiPath.Studio.Shared.Logging.OutputLogger] [50] {Record Log Next}:  Run is no longer active (failed).
01:39:44.0861 => [WARN] [UiPath.Studio.Shared.Logging.OutputLogger] [33] Beg Getting All Hold Codes
01:40:06.4590 => [WARN] [UiPath.Studio.Shared.Logging.OutputLogger] [39] End Getting All Hold Codes
01:40:06.6300 => [WARN] [UiPath.Studio.Shared.Logging.OutputLogger] [44] BEG - Search Service Dates and POS
01:40:13.2253 => [WARN] [UiPath.Studio.Shared.Logging.OutputLogger] [39] BEG - Search Service Dates and POS
01:40:19.9165 => [WARN] [UiPath.Studio.Shared.Logging.OutputLogger] [46] END - Search Service Dates and POS
01:40:24.6667 => [WARN] [UiPath.Studio.Shared.Logging.OutputLogger] [34] Begin - Gathering Date on CL1083
01:41:21.4358 => [WARN] [UiPath.Studio.Shared.Logging.OutputLogger] [50] End - Gathering Date on CL1083
01:41:25.0999 => [WARN] [UiPath.Studio.Shared.Logging.OutputLogger] [37] Begin - POS Check on CL1034
01:41:27.3649 => [WARN] [UiPath.Studio.Shared.Logging.OutputLogger] [34] End - POS Check on CL1034
01:41:32.1261 => [WARN] [UiPath.Studio.Shared.Logging.OutputLogger] [33] Begin - Getting All Providers/Vendors
01:41:46.9947 => [WARN] [UiPath.Studio.Shared.Logging.OutputLogger] [50] End - Getting All Providers/Vendors
01:41:51.6309 => [WARN] [UiPath.Studio.Shared.Logging.OutputLogger] [49] Begin - Getting All Providers/Vendors
01:42:06.2953 => [WARN] [UiPath.Studio.Shared.Logging.OutputLogger] [32] End - Getting All Providers/Vendors
01:42:25.7230 => [ERROR] [UiPath.Studio.Shared.Logging.OutputLogger] [45] Open CL1032/CL1033: There was an error connecting to terminal. Error code: Error
02:04:11.1460 => [ERROR] [UiPath.Studio.Shared.Logging.OutputLogger] [36] Open CL1032/CL1033: There was an error connecting to terminal. Error code: Error
02:05:35.6447 => [ERROR] [UiPath.Studio.Shared.Logging.OutputLogger] [3] PR1011 - Get Prov & Vendor Svc Dates: There was an error connecting to terminal. Error code: Error
02:07:49.8632 => [ERROR] [UiPath.Studio.Shared.Logging.OutputLogger] [27] Open CL1032/CL1033: There was an error connecting to terminal. Error code: Error
02:07:50.1150 => [ERROR] [UiPath.Studio.Shared.Logging.OutputLogger] [50] Invoke PR1011 workflow file: There was an error connecting to terminal. Error code: Error
02:08:47.5555 => [ERROR] [UiPath.Studio.Shared.Logging.OutputLogger] [13] PR1011 Validate Vendor: There was an error connecting to terminal. Error code: Error
02:08:50.9037 => [ERROR] [UiPath.Studio.Shared.Logging.OutputLogger] [26] Provider/Vendor Check: There was an error connecting to terminal. Error code: Error
02:08:54.1198 => [ERROR] [UiPath.Studio.Shared.Logging.OutputLogger] [53] If: There was an error connecting to terminal. Error code: Error
02:08:57.6809 => [ERROR] [UiPath.Studio.Shared.Logging.OutputLogger] [27] Body: There was an error connecting to terminal. Error code: Error
02:09:02.0071 => [ERROR] [UiPath.Studio.Shared.Logging.OutputLogger] [11] For Each: There was an error connecting to terminal. Error code: Error
